<?xml version="1.0" encoding="UTF-8"?>
<!-- Generated by org.testng.reporters.JUnitXMLReporter -->
<testsuite ignored="0" hostname="Sivarams-MacBook-Pro.local" failures="1" tests="1" name="Test" time="139.939" errors="0" timestamp="18 Mar 2019 05:44:09 GMT">
  <testcase classname="testcases.Sigin_Test" name="signInToTheApplication" time="68.097">
    <failure type="java.lang.RuntimeException" message="FAILED">
      <![CDATA[java.lang.RuntimeException: FAILED
at utils.Reporter.reportStep(Reporter.java:43)
at utils.Reporter.reportStep(Reporter.java:52)
at wdMethods.ApMethods.click(ApMethods.java:263)
at pages.DashboardPage.accessMyAccountPage(DashboardPage.java:91)
at testcases.Sigin_Test.signInToTheApplication(Sigin_Test.java:33)
... Removed 25 stack frames]]>
    </failure>
  </testcase> <!-- signInToTheApplication -->
</testsuite> <!-- Test -->
